2016-10-15 01:06:27.785  INFO 17191 --- [main] c.n.s.utils.data.DataLoaderApplication   : Starting DataLoaderApplication on Joshuas-MacBook-Pro-5.local with PID 17191 (/Users/JoshuaSzuslik/student/studenttracker/student-utils/data-load/build/libs/student-utils-data-load-0.0.1.jar started by JoshuaSzuslik in /Users/JoshuaSzuslik/student/studenttracker)
2016-10-15 01:06:27.800  INFO 17191 --- [main] c.n.s.utils.data.DataLoaderApplication   : No active profile set, falling back to default profiles: default
2016-10-15 01:06:28.562  INFO 17191 --- [main] s.c.a.AnnotationConfigApplicationContext : Refreshing org.springframework.context.annotation.AnnotationConfigApplicationContext@2f8679aa: startup date [Sat Oct 15 01:06:28 CDT 2016]; root of context hierarchy
2016-10-15 01:06:32.016  INFO 17191 --- [main] o.s.b.f.s.DefaultListableBeanFactory     : Overriding bean definition for bean 'studentTrackerUserAuditorAwareLocal' with a different definition: replacing [Generic bean: class [com.norulesweb.studenttracker.core.services.utilities.StudentTrackerUserAuditorAwareLocal]; scope=singleton; abstract=false; lazyInit=false; autowireMode=0; dependencyCheck=0; autowireCandidate=true; primary=false; factoryBeanName=null; factoryMethodName=null; initMethodName=null; destroyMethodName=null; defined in URL [jar:file:/Users/JoshuaSzuslik/student/studenttracker/student-utils/data-load/build/libs/student-utils-data-load-0.0.1.jar!/lib/student-core-0.0.1.jar!/com/norulesweb/studenttracker/core/services/utilities/StudentTrackerUserAuditorAwareLocal.class]] with [Root bean: class [null]; scope=; abstract=false; lazyInit=false; autowireMode=3; dependencyCheck=0; autowireCandidate=true; primary=false; factoryBeanName=applicationJpaConfiguration; factoryMethodName=studentTrackerUserAuditorAwareLocal; initMethodName=null; destroyMethodName=(inferred); defined in class path resource [com/norulesweb/studenttracker/utils/config/ApplicationJpaConfiguration.class]]
2016-10-15 01:06:32.726  INFO 17191 --- [main] o.s.b.f.config.PropertiesFactoryBean     : Loading properties file from URL [jar:file:/Users/JoshuaSzuslik/student/studenttracker/student-utils/data-load/build/libs/student-utils-data-load-0.0.1.jar!/lib/spring-integration-core-4.2.4.RELEASE.jar!/META-INF/spring.integration.default.properties]
2016-10-15 01:06:32.733  INFO 17191 --- [main] o.s.i.config.IntegrationRegistrar        : No bean named 'integrationHeaderChannelRegistry' has been explicitly defined. Therefore, a default DefaultHeaderChannelRegistry will be created.
2016-10-15 01:06:33.113  INFO 17191 --- [main] faultConfiguringBeanFactoryPostProcessor : No bean named 'errorChannel' has been explicitly defined. Therefore, a default PublishSubscribeChannel will be created.
2016-10-15 01:06:33.122  INFO 17191 --- [main] faultConfiguringBeanFactoryPostProcessor : No bean named 'taskScheduler' has been explicitly defined. Therefore, a default ThreadPoolTaskScheduler will be created.
2016-10-15 01:06:33.410  INFO 17191 --- [main] trationDelegate$BeanPostProcessorChecker : Bean 'org.springframework.transaction.annotation.ProxyTransactionManagementConfiguration' of type [class org.springframework.transaction.annotation.ProxyTransactionManagementConfiguration$$EnhancerBySpringCGLIB$$c5dd96c2] is not eligible for getting processed by all BeanPostProcessors (for example: not eligible for auto-proxying)
2016-10-15 01:06:34.650  INFO 17191 --- [main] j.LocalContainerEntityManagerFactoryBean : Building JPA container EntityManagerFactory for persistence unit 'default'
2016-10-15 01:06:34.803  INFO 17191 --- [main] o.hibernate.jpa.internal.util.LogHelper  : HHH000204: Processing PersistenceUnitInfo [
	name: default
	...]
2016-10-15 01:06:35.254  INFO 17191 --- [main] org.hibernate.Version                    : HHH000412: Hibernate Core {4.3.11.Final}
2016-10-15 01:06:35.258  INFO 17191 --- [main] org.hibernate.cfg.Environment            : HHH000206: hibernate.properties not found
2016-10-15 01:06:35.269  INFO 17191 --- [main] org.hibernate.cfg.Environment            : HHH000021: Bytecode provider name : javassist
2016-10-15 01:06:36.372  INFO 17191 --- [main] o.hibernate.annotations.common.Version   : HCANN000001: Hibernate Commons Annotations {4.0.5.Final}
2016-10-15 01:06:37.882  INFO 17191 --- [main] org.hibernate.dialect.Dialect            : HHH000400: Using dialect: org.hibernate.dialect.MySQL5Dialect
2016-10-15 01:06:38.531  INFO 17191 --- [main] o.h.h.i.ast.ASTQueryTranslatorFactory    : HHH000397: Using ASTQueryTranslatorFactory
2016-10-15 01:06:38.867  INFO 17191 --- [main] org.hibernate.type.BasicTypeRegistry     : HHH000270: Type registration [java.util.Currency] overrides previous : org.hibernate.type.CurrencyType@18291923
2016-10-15 01:06:39.213  INFO 17191 --- [main] org.hibernate.tool.hbm2ddl.SchemaExport  : HHH000227: Running hbm2ddl schema export
2016-10-15 01:06:39.816  INFO 17191 --- [main] org.hibernate.tool.hbm2ddl.SchemaExport  : HHH000230: Schema export complete
2016-10-15 01:06:42.257  INFO 17191 --- [main] o.s.b.f.config.PropertiesFactoryBean     : Loading properties file from URL [jar:file:/Users/JoshuaSzuslik/student/studenttracker/student-utils/data-load/build/libs/student-utils-data-load-0.0.1.jar!/lib/spring-integration-core-4.2.4.RELEASE.jar!/META-INF/spring.integration.default.properties]
2016-10-15 01:06:42.405  INFO 17191 --- [main] o.s.s.c.ThreadPoolTaskScheduler          : Initializing ExecutorService  'taskScheduler'
2016-10-15 01:06:42.718  INFO 17191 --- [main] o.s.j.e.a.AnnotationMBeanExporter        : Registering beans for JMX exposure on startup
2016-10-15 01:06:42.732  INFO 17191 --- [main] o.s.c.support.DefaultLifecycleProcessor  : Starting beans in phase 0
2016-10-15 01:06:42.735  INFO 17191 --- [main] o.s.i.endpoint.EventDrivenConsumer       : Adding {logging-channel-adapter:_org.springframework.integration.errorLogger} as a subscriber to the 'errorChannel' channel
2016-10-15 01:06:42.736  INFO 17191 --- [main] o.s.i.channel.PublishSubscribeChannel    : Channel 'application.errorChannel' has 1 subscriber(s).
2016-10-15 01:06:42.737  INFO 17191 --- [main] o.s.i.endpoint.EventDrivenConsumer       : started _org.springframework.integration.errorLogger
2016-10-15 01:06:42.791  INFO 17191 --- [Thread-3] s.c.a.AnnotationConfigApplicationContext : Closing org.springframework.context.annotation.AnnotationConfigApplicationContext@2f8679aa: startup date [Sat Oct 15 01:06:28 CDT 2016]; root of context hierarchy
2016-10-15 01:06:42.793  INFO 17191 --- [Thread-3] o.s.c.support.DefaultLifecycleProcessor  : Stopping beans in phase 0
2016-10-15 01:06:42.795  INFO 17191 --- [Thread-3] o.s.i.endpoint.EventDrivenConsumer       : Removing {logging-channel-adapter:_org.springframework.integration.errorLogger} as a subscriber to the 'errorChannel' channel
2016-10-15 01:06:42.795  INFO 17191 --- [Thread-3] o.s.i.channel.PublishSubscribeChannel    : Channel 'application.errorChannel' has 0 subscriber(s).
2016-10-15 01:06:42.795  INFO 17191 --- [Thread-3] o.s.i.endpoint.EventDrivenConsumer       : stopped _org.springframework.integration.errorLogger
2016-10-15 01:06:42.798  INFO 17191 --- [Thread-3] o.s.s.c.ThreadPoolTaskScheduler          : Shutting down ExecutorService 'taskScheduler'
2016-10-15 01:06:42.869  INFO 17191 --- [Thread-3] o.s.j.e.a.AnnotationMBeanExporter        : Unregistering JMX-exposed beans on shutdown
2016-10-15 01:06:42.870  INFO 17191 --- [Thread-3] j.LocalContainerEntityManagerFactoryBean : Closing JPA EntityManagerFactory for persistence unit 'default'
2016-10-15 01:09:32.682  INFO 17205 --- [main] c.n.s.utils.data.DataLoaderApplication   : Starting DataLoaderApplication on Joshuas-MacBook-Pro-5.local with PID 17205 (/Users/JoshuaSzuslik/student/studenttracker/student-utils/data-load/build/libs/student-utils-data-load-0.0.1.jar started by JoshuaSzuslik in /Users/JoshuaSzuslik/student/studenttracker)
2016-10-15 01:09:32.695  INFO 17205 --- [main] c.n.s.utils.data.DataLoaderApplication   : No active profile set, falling back to default profiles: default
2016-10-15 01:09:32.899  INFO 17205 --- [main] s.c.a.AnnotationConfigApplicationContext : Refreshing org.springframework.context.annotation.AnnotationConfigApplicationContext@5c2569a6: startup date [Sat Oct 15 01:09:32 CDT 2016]; root of context hierarchy
2016-10-15 01:09:35.165  INFO 17205 --- [main] o.s.b.f.s.DefaultListableBeanFactory     : Overriding bean definition for bean 'studentTrackerUserAuditorAwareLocal' with a different definition: replacing [Generic bean: class [com.norulesweb.studenttracker.core.services.utilities.StudentTrackerUserAuditorAwareLocal]; scope=singleton; abstract=false; lazyInit=false; autowireMode=0; dependencyCheck=0; autowireCandidate=true; primary=false; factoryBeanName=null; factoryMethodName=null; initMethodName=null; destroyMethodName=null; defined in URL [jar:file:/Users/JoshuaSzuslik/student/studenttracker/student-utils/data-load/build/libs/student-utils-data-load-0.0.1.jar!/lib/student-core-0.0.1.jar!/com/norulesweb/studenttracker/core/services/utilities/StudentTrackerUserAuditorAwareLocal.class]] with [Root bean: class [null]; scope=; abstract=false; lazyInit=false; autowireMode=3; dependencyCheck=0; autowireCandidate=true; primary=false; factoryBeanName=applicationJpaConfiguration; factoryMethodName=studentTrackerUserAuditorAwareLocal; initMethodName=null; destroyMethodName=(inferred); defined in class path resource [com/norulesweb/studenttracker/utils/config/ApplicationJpaConfiguration.class]]
2016-10-15 01:09:35.611  INFO 17205 --- [main] o.s.b.f.config.PropertiesFactoryBean     : Loading properties file from URL [jar:file:/Users/JoshuaSzuslik/student/studenttracker/student-utils/data-load/build/libs/student-utils-data-load-0.0.1.jar!/lib/spring-integration-core-4.2.4.RELEASE.jar!/META-INF/spring.integration.default.properties]
2016-10-15 01:09:35.616  INFO 17205 --- [main] o.s.i.config.IntegrationRegistrar        : No bean named 'integrationHeaderChannelRegistry' has been explicitly defined. Therefore, a default DefaultHeaderChannelRegistry will be created.
2016-10-15 01:09:35.988  INFO 17205 --- [main] faultConfiguringBeanFactoryPostProcessor : No bean named 'errorChannel' has been explicitly defined. Therefore, a default PublishSubscribeChannel will be created.
2016-10-15 01:09:35.997  INFO 17205 --- [main] faultConfiguringBeanFactoryPostProcessor : No bean named 'taskScheduler' has been explicitly defined. Therefore, a default ThreadPoolTaskScheduler will be created.
2016-10-15 01:09:36.288  INFO 17205 --- [main] trationDelegate$BeanPostProcessorChecker : Bean 'org.springframework.transaction.annotation.ProxyTransactionManagementConfiguration' of type [class org.springframework.transaction.annotation.ProxyTransactionManagementConfiguration$$EnhancerBySpringCGLIB$$432f9996] is not eligible for getting processed by all BeanPostProcessors (for example: not eligible for auto-proxying)
2016-10-15 01:09:37.594  INFO 17205 --- [main] j.LocalContainerEntityManagerFactoryBean : Building JPA container EntityManagerFactory for persistence unit 'default'
2016-10-15 01:09:37.676  INFO 17205 --- [main] o.hibernate.jpa.internal.util.LogHelper  : HHH000204: Processing PersistenceUnitInfo [
	name: default
	...]
2016-10-15 01:09:38.093  INFO 17205 --- [main] org.hibernate.Version                    : HHH000412: Hibernate Core {4.3.11.Final}
2016-10-15 01:09:38.097  INFO 17205 --- [main] org.hibernate.cfg.Environment            : HHH000206: hibernate.properties not found
2016-10-15 01:09:38.102  INFO 17205 --- [main] org.hibernate.cfg.Environment            : HHH000021: Bytecode provider name : javassist
2016-10-15 01:09:38.809  INFO 17205 --- [main] o.hibernate.annotations.common.Version   : HCANN000001: Hibernate Commons Annotations {4.0.5.Final}
2016-10-15 01:09:39.870  INFO 17205 --- [main] org.hibernate.dialect.Dialect            : HHH000400: Using dialect: org.hibernate.dialect.MySQL5Dialect
2016-10-15 01:09:40.186  INFO 17205 --- [main] o.h.h.i.ast.ASTQueryTranslatorFactory    : HHH000397: Using ASTQueryTranslatorFactory
2016-10-15 01:09:40.539  INFO 17205 --- [main] org.hibernate.type.BasicTypeRegistry     : HHH000270: Type registration [java.util.Currency] overrides previous : org.hibernate.type.CurrencyType@9a04567
2016-10-15 01:09:40.923  INFO 17205 --- [main] org.hibernate.tool.hbm2ddl.SchemaExport  : HHH000227: Running hbm2ddl schema export
2016-10-15 01:09:41.582  INFO 17205 --- [main] org.hibernate.tool.hbm2ddl.SchemaExport  : HHH000230: Schema export complete
2016-10-15 01:09:43.756  INFO 17205 --- [main] o.s.b.f.config.PropertiesFactoryBean     : Loading properties file from URL [jar:file:/Users/JoshuaSzuslik/student/studenttracker/student-utils/data-load/build/libs/student-utils-data-load-0.0.1.jar!/lib/spring-integration-core-4.2.4.RELEASE.jar!/META-INF/spring.integration.default.properties]
2016-10-15 01:09:43.907  INFO 17205 --- [main] o.s.s.c.ThreadPoolTaskScheduler          : Initializing ExecutorService  'taskScheduler'
2016-10-15 01:09:44.242  INFO 17205 --- [main] o.s.j.e.a.AnnotationMBeanExporter        : Registering beans for JMX exposure on startup
2016-10-15 01:09:44.256  INFO 17205 --- [main] o.s.c.support.DefaultLifecycleProcessor  : Starting beans in phase 0
2016-10-15 01:09:44.257  INFO 17205 --- [main] o.s.i.endpoint.EventDrivenConsumer       : Adding {logging-channel-adapter:_org.springframework.integration.errorLogger} as a subscriber to the 'errorChannel' channel
2016-10-15 01:09:44.257  INFO 17205 --- [main] o.s.i.channel.PublishSubscribeChannel    : Channel 'application.errorChannel' has 1 subscriber(s).
2016-10-15 01:09:44.258  INFO 17205 --- [main] o.s.i.endpoint.EventDrivenConsumer       : started _org.springframework.integration.errorLogger
2016-10-15 01:09:44.271  INFO 17205 --- [main] c.n.s.utils.data.DataLoaderApplication   : Initializing platform
2016-10-15 01:09:45.193  INFO 17205 --- [Thread-3] s.c.a.AnnotationConfigApplicationContext : Closing org.springframework.context.annotation.AnnotationConfigApplicationContext@5c2569a6: startup date [Sat Oct 15 01:09:32 CDT 2016]; root of context hierarchy
2016-10-15 01:09:45.195  INFO 17205 --- [Thread-3] o.s.c.support.DefaultLifecycleProcessor  : Stopping beans in phase 0
2016-10-15 01:09:45.201  INFO 17205 --- [Thread-3] o.s.i.endpoint.EventDrivenConsumer       : Removing {logging-channel-adapter:_org.springframework.integration.errorLogger} as a subscriber to the 'errorChannel' channel
2016-10-15 01:09:45.203  INFO 17205 --- [Thread-3] o.s.i.channel.PublishSubscribeChannel    : Channel 'application.errorChannel' has 0 subscriber(s).
2016-10-15 01:09:45.203  INFO 17205 --- [Thread-3] o.s.i.endpoint.EventDrivenConsumer       : stopped _org.springframework.integration.errorLogger
2016-10-15 01:09:45.206  INFO 17205 --- [Thread-3] o.s.s.c.ThreadPoolTaskScheduler          : Shutting down ExecutorService 'taskScheduler'
2016-10-15 01:09:45.209  INFO 17205 --- [Thread-3] o.s.j.e.a.AnnotationMBeanExporter        : Unregistering JMX-exposed beans on shutdown
2016-10-15 01:09:45.214  INFO 17205 --- [Thread-3] j.LocalContainerEntityManagerFactoryBean : Closing JPA EntityManagerFactory for persistence unit 'default'
